Symlinking /home/pravin/px4_ws/devel/share/roseus/ros/px4_command/manifest.l
Symlinking /home/pravin/px4_ws/devel/share/roseus/ros/px4_command/msg/Trajectory.l
Symlinking /home/pravin/px4_ws/devel/share/roseus/ros/px4_command/msg/AddonForce.l
Symlinking /home/pravin/px4_ws/devel/share/roseus/ros/px4_command/msg/HomePosition.l
Symlinking /home/pravin/px4_ws/devel/share/roseus/ros/px4_command/msg/FleetStatus.l
Symlinking /home/pravin/px4_ws/devel/share/roseus/ros/px4_command/msg/PayloadPoseCommand.l
Symlinking /home/pravin/px4_ws/devel/share/roseus/ros/px4_command/msg/Topic_for_log.l
Symlinking /home/pravin/px4_ws/devel/share/roseus/ros/px4_command/msg/AuxiliaryState.l
Symlinking /home/pravin/px4_ws/devel/share/roseus/ros/px4_command/msg/Mocap.l
Symlinking /home/pravin/px4_ws/devel/share/roseus/ros/px4_command/msg/ControlOutput.l
Symlinking /home/pravin/px4_ws/devel/share/roseus/ros/px4_command/msg/AuxiliaryState_singleUAV.l
Symlinking /home/pravin/px4_ws/devel/share/roseus/ros/px4_command/msg/TrajectoryPoint.l
Symlinking /home/pravin/px4_ws/devel/share/roseus/ros/px4_command/msg/AttitudeReference.l
Symlinking /home/pravin/px4_ws/devel/share/roseus/ros/px4_command/msg/DroneState.l
Symlinking /home/pravin/px4_ws/devel/share/roseus/ros/px4_command/msg/ControlCommand.l
Symlinking /home/pravin/px4_ws/devel/share/roseus/ros/px4_command/srv/Emergency.l
Symlinking /home/pravin/px4_ws/devel/share/roseus/ros/px4_command/srv/MultiPayloadAction.l
Symlinking /home/pravin/px4_ws/devel/share/roseus/ros/px4_command/srv/SinglePayloadAction.l
Symlinking /home/pravin/px4_ws/devel/share/roseus/ros/px4_command/srv/GeneralInfo.l
Symlinking /home/pravin/px4_ws/devel/share/roseus/ros/px4_command/srv/ControlParameter.l
Symlinking /home/pravin/px4_ws/devel/share/roseus/ros/px4_command/srv/SetHome.l
Symlinking /home/pravin/px4_ws/devel/share/common-lisp/ros/px4_command/msg/Trajectory.lisp
Symlinking /home/pravin/px4_ws/devel/share/common-lisp/ros/px4_command/msg/_package_HomePosition.lisp
Symlinking /home/pravin/px4_ws/devel/share/common-lisp/ros/px4_command/msg/_package_FleetStatus.lisp
Symlinking /home/pravin/px4_ws/devel/share/common-lisp/ros/px4_command/msg/FleetStatus.lisp
Symlinking /home/pravin/px4_ws/devel/share/common-lisp/ros/px4_command/msg/Topic_for_log.lisp
Symlinking /home/pravin/px4_ws/devel/share/common-lisp/ros/px4_command/msg/_package_TrajectoryPoint.lisp
Symlinking /home/pravin/px4_ws/devel/share/common-lisp/ros/px4_command/msg/AddonForce.lisp
Symlinking /home/pravin/px4_ws/devel/share/common-lisp/ros/px4_command/msg/_package_AuxiliaryState.lisp
Symlinking /home/pravin/px4_ws/devel/share/common-lisp/ros/px4_command/msg/_package_Topic_for_log.lisp
Symlinking /home/pravin/px4_ws/devel/share/common-lisp/ros/px4_command/msg/ControlCommand.lisp
Symlinking /home/pravin/px4_ws/devel/share/common-lisp/ros/px4_command/msg/_package_DroneState.lisp
Symlinking /home/pravin/px4_ws/devel/share/common-lisp/ros/px4_command/msg/HomePosition.lisp
Symlinking /home/pravin/px4_ws/devel/share/common-lisp/ros/px4_command/msg/_package_AddonForce.lisp
Symlinking /home/pravin/px4_ws/devel/share/common-lisp/ros/px4_command/msg/px4_command-msg.asd
Symlinking /home/pravin/px4_ws/devel/share/common-lisp/ros/px4_command/msg/ControlOutput.lisp
Symlinking /home/pravin/px4_ws/devel/share/common-lisp/ros/px4_command/msg/_package_Mocap.lisp
Symlinking /home/pravin/px4_ws/devel/share/common-lisp/ros/px4_command/msg/_package_PayloadPoseCommand.lisp
Symlinking /home/pravin/px4_ws/devel/share/common-lisp/ros/px4_command/msg/_package_ControlOutput.lisp
Symlinking /home/pravin/px4_ws/devel/share/common-lisp/ros/px4_command/msg/_package_AttitudeReference.lisp
Symlinking /home/pravin/px4_ws/devel/share/common-lisp/ros/px4_command/msg/AuxiliaryState_singleUAV.lisp
Symlinking /home/pravin/px4_ws/devel/share/common-lisp/ros/px4_command/msg/DroneState.lisp
Symlinking /home/pravin/px4_ws/devel/share/common-lisp/ros/px4_command/msg/PayloadPoseCommand.lisp
Symlinking /home/pravin/px4_ws/devel/share/common-lisp/ros/px4_command/msg/AttitudeReference.lisp
Symlinking /home/pravin/px4_ws/devel/share/common-lisp/ros/px4_command/msg/_package_Trajectory.lisp
Symlinking /home/pravin/px4_ws/devel/share/common-lisp/ros/px4_command/msg/TrajectoryPoint.lisp
Symlinking /home/pravin/px4_ws/devel/share/common-lisp/ros/px4_command/msg/_package_AuxiliaryState_singleUAV.lisp
Symlinking /home/pravin/px4_ws/devel/share/common-lisp/ros/px4_command/msg/AuxiliaryState.lisp
Symlinking /home/pravin/px4_ws/devel/share/common-lisp/ros/px4_command/msg/_package.lisp
Symlinking /home/pravin/px4_ws/devel/share/common-lisp/ros/px4_command/msg/_package_ControlCommand.lisp
Symlinking /home/pravin/px4_ws/devel/share/common-lisp/ros/px4_command/msg/Mocap.lisp
Symlinking /home/pravin/px4_ws/devel/share/common-lisp/ros/px4_command/srv/Emergency.lisp
Symlinking /home/pravin/px4_ws/devel/share/common-lisp/ros/px4_command/srv/_package_SetHome.lisp
Symlinking /home/pravin/px4_ws/devel/share/common-lisp/ros/px4_command/srv/GeneralInfo.lisp
Symlinking /home/pravin/px4_ws/devel/share/common-lisp/ros/px4_command/srv/ControlParameter.lisp
Symlinking /home/pravin/px4_ws/devel/share/common-lisp/ros/px4_command/srv/MultiPayloadAction.lisp
Symlinking /home/pravin/px4_ws/devel/share/common-lisp/ros/px4_command/srv/px4_command-srv.asd
Symlinking /home/pravin/px4_ws/devel/share/common-lisp/ros/px4_command/srv/_package_ControlParameter.lisp
Symlinking /home/pravin/px4_ws/devel/share/common-lisp/ros/px4_command/srv/SetHome.lisp
Symlinking /home/pravin/px4_ws/devel/share/common-lisp/ros/px4_command/srv/_package_MultiPayloadAction.lisp
Symlinking /home/pravin/px4_ws/devel/share/common-lisp/ros/px4_command/srv/SinglePayloadAction.lisp
Symlinking /home/pravin/px4_ws/devel/share/common-lisp/ros/px4_command/srv/_package_SinglePayloadAction.lisp
Symlinking /home/pravin/px4_ws/devel/share/common-lisp/ros/px4_command/srv/_package_GeneralInfo.lisp
Symlinking /home/pravin/px4_ws/devel/share/common-lisp/ros/px4_command/srv/_package_Emergency.lisp
Symlinking /home/pravin/px4_ws/devel/share/common-lisp/ros/px4_command/srv/_package.lisp
Symlinking /home/pravin/px4_ws/devel/share/gennodejs/ros/px4_command/_index.js
Symlinking /home/pravin/px4_ws/devel/share/gennodejs/ros/px4_command/msg/Topic_for_log.js
Symlinking /home/pravin/px4_ws/devel/share/gennodejs/ros/px4_command/msg/AuxiliaryState_singleUAV.js
Symlinking /home/pravin/px4_ws/devel/share/gennodejs/ros/px4_command/msg/HomePosition.js
Symlinking /home/pravin/px4_ws/devel/share/gennodejs/ros/px4_command/msg/Trajectory.js
Symlinking /home/pravin/px4_ws/devel/share/gennodejs/ros/px4_command/msg/_index.js
Symlinking /home/pravin/px4_ws/devel/share/gennodejs/ros/px4_command/msg/Mocap.js
Symlinking /home/pravin/px4_ws/devel/share/gennodejs/ros/px4_command/msg/PayloadPoseCommand.js
Symlinking /home/pravin/px4_ws/devel/share/gennodejs/ros/px4_command/msg/AddonForce.js
Symlinking /home/pravin/px4_ws/devel/share/gennodejs/ros/px4_command/msg/ControlCommand.js
Symlinking /home/pravin/px4_ws/devel/share/gennodejs/ros/px4_command/msg/TrajectoryPoint.js
Symlinking /home/pravin/px4_ws/devel/share/gennodejs/ros/px4_command/msg/FleetStatus.js
Symlinking /home/pravin/px4_ws/devel/share/gennodejs/ros/px4_command/msg/AttitudeReference.js
Symlinking /home/pravin/px4_ws/devel/share/gennodejs/ros/px4_command/msg/DroneState.js
Symlinking /home/pravin/px4_ws/devel/share/gennodejs/ros/px4_command/msg/AuxiliaryState.js
Symlinking /home/pravin/px4_ws/devel/share/gennodejs/ros/px4_command/msg/ControlOutput.js
Symlinking /home/pravin/px4_ws/devel/share/gennodejs/ros/px4_command/srv/SetHome.js
Symlinking /home/pravin/px4_ws/devel/share/gennodejs/ros/px4_command/srv/Emergency.js
Symlinking /home/pravin/px4_ws/devel/share/gennodejs/ros/px4_command/srv/MultiPayloadAction.js
Symlinking /home/pravin/px4_ws/devel/share/gennodejs/ros/px4_command/srv/SinglePayloadAction.js
Symlinking /home/pravin/px4_ws/devel/share/gennodejs/ros/px4_command/srv/_index.js
Symlinking /home/pravin/px4_ws/devel/share/gennodejs/ros/px4_command/srv/ControlParameter.js
Symlinking /home/pravin/px4_ws/devel/share/gennodejs/ros/px4_command/srv/GeneralInfo.js
Symlinking /home/pravin/px4_ws/devel/share/px4_command/cmake/px4_command-msg-paths.cmake
Symlinking /home/pravin/px4_ws/devel/share/px4_command/cmake/px4_command-msg-extras.cmake
Symlinking /home/pravin/px4_ws/devel/share/px4_command/cmake/px4_commandConfig-version.cmake
Symlinking /home/pravin/px4_ws/devel/share/px4_command/cmake/px4_commandConfig.cmake
Symlinking /home/pravin/px4_ws/devel/include/px4_command/AddonForce.h
Symlinking /home/pravin/px4_ws/devel/include/px4_command/TrajectoryPoint.h
Symlinking /home/pravin/px4_ws/devel/include/px4_command/ControlParameterResponse.h
Symlinking /home/pravin/px4_ws/devel/include/px4_command/AttitudeReference.h
Symlinking /home/pravin/px4_ws/devel/include/px4_command/ControlParameter.h
Symlinking /home/pravin/px4_ws/devel/include/px4_command/Topic_for_log.h
Symlinking /home/pravin/px4_ws/devel/include/px4_command/SinglePayloadAction.h
Symlinking /home/pravin/px4_ws/devel/include/px4_command/FleetStatus.h
Symlinking /home/pravin/px4_ws/devel/include/px4_command/SinglePayloadActionRequest.h
Symlinking /home/pravin/px4_ws/devel/include/px4_command/PayloadPoseCommand.h
Symlinking /home/pravin/px4_ws/devel/include/px4_command/GeneralInfoRequest.h
Symlinking /home/pravin/px4_ws/devel/include/px4_command/ControlOutput.h
Symlinking /home/pravin/px4_ws/devel/include/px4_command/MultiPayloadActionResponse.h
Symlinking /home/pravin/px4_ws/devel/include/px4_command/GeneralInfoResponse.h
Symlinking /home/pravin/px4_ws/devel/include/px4_command/ControlParameterRequest.h
Symlinking /home/pravin/px4_ws/devel/include/px4_command/GeneralInfo.h
Symlinking /home/pravin/px4_ws/devel/include/px4_command/SetHomeResponse.h
Symlinking /home/pravin/px4_ws/devel/include/px4_command/ControlCommand.h
Symlinking /home/pravin/px4_ws/devel/include/px4_command/AuxiliaryState_singleUAV.h
Symlinking /home/pravin/px4_ws/devel/include/px4_command/AuxiliaryState.h
Symlinking /home/pravin/px4_ws/devel/include/px4_command/SinglePayloadActionResponse.h
Symlinking /home/pravin/px4_ws/devel/include/px4_command/Emergency.h
Symlinking /home/pravin/px4_ws/devel/include/px4_command/EmergencyRequest.h
Symlinking /home/pravin/px4_ws/devel/include/px4_command/HomePosition.h
Symlinking /home/pravin/px4_ws/devel/include/px4_command/MultiPayloadAction.h
Symlinking /home/pravin/px4_ws/devel/include/px4_command/DroneState.h
Symlinking /home/pravin/px4_ws/devel/include/px4_command/EmergencyResponse.h
Symlinking /home/pravin/px4_ws/devel/include/px4_command/MultiPayloadActionRequest.h
Symlinking /home/pravin/px4_ws/devel/include/px4_command/SetHome.h
Symlinking /home/pravin/px4_ws/devel/include/px4_command/Mocap.h
Symlinking /home/pravin/px4_ws/devel/include/px4_command/Trajectory.h
Symlinking /home/pravin/px4_ws/devel/include/px4_command/SetHomeRequest.h
Symlinking /home/pravin/px4_ws/devel/lib/python3/dist-packages/px4_command/__init__.py
Symlinking /home/pravin/px4_ws/devel/lib/python3/dist-packages/px4_command/msg/_TrajectoryPoint.py
Symlinking /home/pravin/px4_ws/devel/lib/python3/dist-packages/px4_command/msg/_Trajectory.py
Symlinking /home/pravin/px4_ws/devel/lib/python3/dist-packages/px4_command/msg/_PayloadPoseCommand.py
Symlinking /home/pravin/px4_ws/devel/lib/python3/dist-packages/px4_command/msg/_AttitudeReference.py
Symlinking /home/pravin/px4_ws/devel/lib/python3/dist-packages/px4_command/msg/_Mocap.py
Symlinking /home/pravin/px4_ws/devel/lib/python3/dist-packages/px4_command/msg/_AuxiliaryState.py
Symlinking /home/pravin/px4_ws/devel/lib/python3/dist-packages/px4_command/msg/__init__.py
Symlinking /home/pravin/px4_ws/devel/lib/python3/dist-packages/px4_command/msg/_AddonForce.py
Symlinking /home/pravin/px4_ws/devel/lib/python3/dist-packages/px4_command/msg/_Topic_for_log.py
Symlinking /home/pravin/px4_ws/devel/lib/python3/dist-packages/px4_command/msg/_ControlOutput.py
Symlinking /home/pravin/px4_ws/devel/lib/python3/dist-packages/px4_command/msg/_HomePosition.py
Symlinking /home/pravin/px4_ws/devel/lib/python3/dist-packages/px4_command/msg/_AuxiliaryState_singleUAV.py
Symlinking /home/pravin/px4_ws/devel/lib/python3/dist-packages/px4_command/msg/_FleetStatus.py
Symlinking /home/pravin/px4_ws/devel/lib/python3/dist-packages/px4_command/msg/_ControlCommand.py
Symlinking /home/pravin/px4_ws/devel/lib/python3/dist-packages/px4_command/msg/_DroneState.py
Symlinking /home/pravin/px4_ws/devel/lib/python3/dist-packages/px4_command/srv/_GeneralInfo.py
Symlinking /home/pravin/px4_ws/devel/lib/python3/dist-packages/px4_command/srv/_SinglePayloadAction.py
Symlinking /home/pravin/px4_ws/devel/lib/python3/dist-packages/px4_command/srv/_SetHome.py
Symlinking /home/pravin/px4_ws/devel/lib/python3/dist-packages/px4_command/srv/_ControlParameter.py
Symlinking /home/pravin/px4_ws/devel/lib/python3/dist-packages/px4_command/srv/_Emergency.py
Symlinking /home/pravin/px4_ws/devel/lib/python3/dist-packages/px4_command/srv/__init__.py
Symlinking /home/pravin/px4_ws/devel/lib/python3/dist-packages/px4_command/srv/_MultiPayloadAction.py
Symlinking /home/pravin/px4_ws/devel/lib/pkgconfig/px4_command.pc
Symlinking /home/pravin/px4_ws/devel/lib/px4_command/outdoorwifitest_ground
Symlinking /home/pravin/px4_ws/devel/lib/px4_command/px4_interdrone_communication
Symlinking /home/pravin/px4_ws/devel/lib/px4_command/px4_multidrone_pos_estimator
Symlinking /home/pravin/px4_ws/devel/lib/px4_command/px4_multidrone_pos_estimator_pure_vision
Symlinking /home/pravin/px4_ws/devel/lib/px4_command/px4_multidrone_pos_estimator_outdoor
Symlinking /home/pravin/px4_ws/devel/lib/px4_command/set_uav2_mode
Symlinking /home/pravin/px4_ws/devel/lib/px4_command/px4_multidrone_pos_controller
Symlinking /home/pravin/px4_ws/devel/lib/px4_command/set_uav0_mode
Symlinking /home/pravin/px4_ws/devel/lib/px4_command/outdoorwifitest
Symlinking /home/pravin/px4_ws/devel/lib/px4_command/set_uav1_mode
