In file included from [01m[K/home/pravin/px4_ws/src/px4_command/src/px4_multidrone_pos_estimator_pure_vision.cpp:18[m[K:
[01m[K/home/pravin/px4_ws/src/px4_command/include/math_utils.h:[m[K In function ‘[01m[Kfloat sign_function(float)[m[K’:
[01m[K/home/pravin/px4_ws/src/px4_command/include/math_utils.h:179:1:[m[K [01;35m[Kwarning: [m[Kcontrol reaches end of non-void function [[01;35m[K-Wreturn-type[m[K]
  179 | [01;35m[K}[m[K
      | [01;35m[K^[m[K
In file included from [01m[K/home/pravin/px4_ws/src/px4_command/include/px4_command_utils.h:13[m[K,
                 from [01m[K/home/pravin/px4_ws/src/px4_command/src/Utilities/outdoorwifitest.cpp:17[m[K:
[01m[K/home/pravin/px4_ws/src/px4_command/include/math_utils.h:[m[K In function ‘[01m[Kfloat sign_function(float)[m[K’:
[01m[K/home/pravin/px4_ws/src/px4_command/include/math_utils.h:179:1:[m[K [01;35m[Kwarning: [m[Kcontrol reaches end of non-void function [[01;35m[K-Wreturn-type[m[K]
  179 | [01;35m[K}[m[K
      | [01;35m[K^[m[K
In file included from [01m[K/home/pravin/px4_ws/src/px4_command/include/px4_command_utils.h:13[m[K,
                 from [01m[K/home/pravin/px4_ws/src/px4_command/src/Utilities/outdoorwifitest_ground.cpp:20[m[K:
[01m[K/home/pravin/px4_ws/src/px4_command/include/math_utils.h:[m[K In function ‘[01m[Kfloat sign_function(float)[m[K’:
[01m[K/home/pravin/px4_ws/src/px4_command/include/math_utils.h:179:1:[m[K [01;35m[Kwarning: [m[Kcontrol reaches end of non-void function [[01;35m[K-Wreturn-type[m[K]
  179 | [01;35m[K}[m[K
      | [01;35m[K^[m[K
In file included from [01m[K/home/pravin/px4_ws/src/px4_command/include/state_from_mavros_multidrone.h:16[m[K,
                 from [01m[K/home/pravin/px4_ws/src/px4_command/src/px4_multidrone_pos_estimator.cpp:21[m[K:
[01m[K/home/pravin/px4_ws/src/px4_command/include/math_utils.h:[m[K In function ‘[01m[Kfloat sign_function(float)[m[K’:
[01m[K/home/pravin/px4_ws/src/px4_command/include/math_utils.h:179:1:[m[K [01;35m[Kwarning: [m[Kcontrol reaches end of non-void function [[01;35m[K-Wreturn-type[m[K]
  179 | [01;35m[K}[m[K
      | [01;35m[K^[m[K
In file included from [01m[K/home/pravin/px4_ws/src/px4_command/include/state_from_mavros_multidrone.h:16[m[K,
                 from [01m[K/home/pravin/px4_ws/src/px4_command/src/px4_multidrone_pos_estimator_outdoor.cpp:19[m[K:
[01m[K/home/pravin/px4_ws/src/px4_command/include/math_utils.h:[m[K In function ‘[01m[Kfloat sign_function(float)[m[K’:
[01m[K/home/pravin/px4_ws/src/px4_command/include/math_utils.h:179:1:[m[K [01;35m[Kwarning: [m[Kcontrol reaches end of non-void function [[01;35m[K-Wreturn-type[m[K]
  179 | [01;35m[K}[m[K
      | [01;35m[K^[m[K
In file included from [01m[K/home/pravin/px4_ws/src/px4_command/src/px4_interdrone_communication.cpp:19[m[K:
[01m[K/home/pravin/px4_ws/src/px4_command/include/math_utils.h:[m[K In function ‘[01m[Kfloat sign_function(float)[m[K’:
[01m[K/home/pravin/px4_ws/src/px4_command/include/math_utils.h:179:1:[m[K [01;35m[Kwarning: [m[Kcontrol reaches end of non-void function [[01;35m[K-Wreturn-type[m[K]
  179 | [01;35m[K}[m[K
      | [01;35m[K^[m[K
In file included from [01m[K/home/pravin/px4_ws/src/px4_command/include/state_from_mavros_multidrone.h:16[m[K,
                 from [01m[K/home/pravin/px4_ws/src/px4_command/src/px4_multidrone_pos_controller.cpp:20[m[K:
[01m[K/home/pravin/px4_ws/src/px4_command/include/math_utils.h:[m[K In function ‘[01m[Kfloat sign_function(float)[m[K’:
[01m[K/home/pravin/px4_ws/src/px4_command/include/math_utils.h:179:1:[m[K [01;35m[Kwarning: [m[Kcontrol reaches end of non-void function [[01;35m[K-Wreturn-type[m[K]
  179 | [01;35m[K}[m[K
      | [01;35m[K^[m[K
