[35m[1mScanning dependencies of target nav_msgs_generate_messages_cpp[0m
[35m[1mScanning dependencies of target geometry_msgs_generate_messages_cpp[0m
[35m[1mScanning dependencies of target std_msgs_generate_messages_cpp[0m
[35m[1mScanning dependencies of target geographic_msgs_generate_messages_cpp[0m
[35m[1mScanning dependencies of target _px4_command_generate_messages_check_deps_AttitudeReference[0m
[35m[1mScanning dependencies of target _px4_command_generate_messages_check_deps_FleetStatus[0m
[35m[1mScanning dependencies of target _px4_command_generate_messages_check_deps_Trajectory[0m
[35m[1mScanning dependencies of target _px4_command_generate_messages_check_deps_SetHome[0m
[35m[1mScanning dependencies of target sensor_msgs_generate_messages_cpp[0m
[35m[1mScanning dependencies of target _px4_command_generate_messages_check_deps_Emergency[0m
[35m[1mScanning dependencies of target _px4_command_generate_messages_check_deps_DroneState[0m
[35m[1mScanning dependencies of target _px4_command_generate_messages_check_deps_Topic_for_log[0m
[35m[1mScanning dependencies of target _px4_command_generate_messages_check_deps_AddonForce[0m
[35m[1mScanning dependencies of target _px4_command_generate_messages_check_deps_ControlCommand[0m
[35m[1mScanning dependencies of target _px4_command_generate_messages_check_deps_AuxiliaryState_singleUAV[0m
[35m[1mScanning dependencies of target _px4_command_generate_messages_check_deps_AuxiliaryState[0m
[35m[1mScanning dependencies of target _px4_command_generate_messages_check_deps_TrajectoryPoint[0m
[35m[1mScanning dependencies of target _px4_command_generate_messages_check_deps_Mocap[0m
[35m[1mScanning dependencies of target _px4_command_generate_messages_check_deps_HomePosition[0m
[  0%] Built target std_msgs_generate_messages_cpp
[  0%] Built target geometry_msgs_generate_messages_cpp
[35m[1mScanning dependencies of target _px4_command_generate_messages_check_deps_ControlOutput[0m
[  0%] Built target nav_msgs_generate_messages_cpp
[  0%] Built target geographic_msgs_generate_messages_cpp
[  0%] Built target sensor_msgs_generate_messages_cpp
[35m[1mScanning dependencies of target _px4_command_generate_messages_check_deps_ControlParameter[0m
[35m[1mScanning dependencies of target _px4_command_generate_messages_check_deps_PayloadPoseCommand[0m
[35m[1mScanning dependencies of target _px4_command_generate_messages_check_deps_SinglePayloadAction[0m
[35m[1mScanning dependencies of target _px4_command_generate_messages_check_deps_MultiPayloadAction[0m
[35m[1mScanning dependencies of target _px4_command_generate_messages_check_deps_GeneralInfo[0m
[  0%] Built target _px4_command_generate_messages_check_deps_SetHome
[  0%] Built target _px4_command_generate_messages_check_deps_HomePosition
[  0%] Built target _px4_command_generate_messages_check_deps_AuxiliaryState_singleUAV
[  0%] Built target _px4_command_generate_messages_check_deps_FleetStatus
[  0%] Built target _px4_command_generate_messages_check_deps_Topic_for_log
[  0%] Built target _px4_command_generate_messages_check_deps_AttitudeReference
[  0%] Built target _px4_command_generate_messages_check_deps_Emergency
[  0%] Built target _px4_command_generate_messages_check_deps_DroneState
[  0%] Built target _px4_command_generate_messages_check_deps_Trajectory
[  0%] Built target _px4_command_generate_messages_check_deps_Mocap
[  0%] Built target _px4_command_generate_messages_check_deps_ControlCommand
[  0%] Built target _px4_command_generate_messages_check_deps_TrajectoryPoint
[  0%] Built target _px4_command_generate_messages_check_deps_AuxiliaryState
[  0%] Built target _px4_command_generate_messages_check_deps_AddonForce
[35m[1mScanning dependencies of target sensor_msgs_generate_messages_nodejs[0m
[35m[1mScanning dependencies of target sensor_msgs_generate_messages_py[0m
[35m[1mScanning dependencies of target geographic_msgs_generate_messages_py[0m
[35m[1mScanning dependencies of target geometry_msgs_generate_messages_py[0m
[35m[1mScanning dependencies of target nav_msgs_generate_messages_eus[0m
[35m[1mScanning dependencies of target std_msgs_generate_messages_nodejs[0m
[35m[1mScanning dependencies of target sensor_msgs_generate_messages_eus[0m
[35m[1mScanning dependencies of target geometry_msgs_generate_messages_nodejs[0m
[35m[1mScanning dependencies of target geographic_msgs_generate_messages_nodejs[0m
[35m[1mScanning dependencies of target nav_msgs_generate_messages_nodejs[0m
[35m[1mScanning dependencies of target geographic_msgs_generate_messages_eus[0m
[35m[1mScanning dependencies of target geometry_msgs_generate_messages_eus[0m
[35m[1mScanning dependencies of target nav_msgs_generate_messages_py[0m
[  0%] Built target _px4_command_generate_messages_check_deps_ControlOutput
[  0%] Built target nav_msgs_generate_messages_eus
[  0%] Built target sensor_msgs_generate_messages_nodejs
[  0%] Built target sensor_msgs_generate_messages_py
[  0%] Built target std_msgs_generate_messages_nodejs
[  0%] Built target geometry_msgs_generate_messages_nodejs
[  0%] Built target geographic_msgs_generate_messages_nodejs
[  0%] Built target geographic_msgs_generate_messages_py
[  0%] Built target geometry_msgs_generate_messages_py
[  0%] Built target nav_msgs_generate_messages_nodejs
[  0%] Built target geographic_msgs_generate_messages_eus
[  0%] Built target sensor_msgs_generate_messages_eus
[35m[1mScanning dependencies of target std_msgs_generate_messages_eus[0m
[  0%] Built target nav_msgs_generate_messages_py
[  0%] Built target _px4_command_generate_messages_check_deps_SinglePayloadAction
[  0%] Built target _px4_command_generate_messages_check_deps_GeneralInfo
[  0%] Built target geometry_msgs_generate_messages_eus
[  0%] Built target _px4_command_generate_messages_check_deps_MultiPayloadAction
[  0%] Built target _px4_command_generate_messages_check_deps_PayloadPoseCommand
[35m[1mScanning dependencies of target std_msgs_generate_messages_lisp[0m
[35m[1mScanning dependencies of target nav_msgs_generate_messages_lisp[0m
[35m[1mScanning dependencies of target geographic_msgs_generate_messages_lisp[0m
[35m[1mScanning dependencies of target geometry_msgs_generate_messages_lisp[0m
[  0%] Built target std_msgs_generate_messages_eus
[35m[1mScanning dependencies of target std_msgs_generate_messages_py[0m
[35m[1mScanning dependencies of target sensor_msgs_generate_messages_lisp[0m
[  0%] Built target nav_msgs_generate_messages_lisp
[  0%] Built target std_msgs_generate_messages_lisp
[  0%] Built target geographic_msgs_generate_messages_lisp
[  0%] Built target geometry_msgs_generate_messages_lisp
[  0%] Built target std_msgs_generate_messages_py
[  0%] Built target _px4_command_generate_messages_check_deps_ControlParameter
[  0%] Built target sensor_msgs_generate_messages_lisp
[35m[1mScanning dependencies of target px4_command_generate_messages_cpp[0m
[35m[1mScanning dependencies of target px4_command_generate_messages_py[0m
[35m[1mScanning dependencies of target px4_command_generate_messages_nodejs[0m
[35m[1mScanning dependencies of target px4_command_generate_messages_eus[0m
[35m[1mScanning dependencies of target px4_command_generate_messages_lisp[0m
[  0%] [34m[1mGenerating C++ code from px4_command/AuxiliaryState.msg[0m
[  3%] [34m[1mGenerating Lisp code from px4_command/AuxiliaryState.msg[0m
[  3%] [34m[1mGenerating Python from MSG px4_command/AuxiliaryState[0m
[  3%] [34m[1mGenerating EusLisp code from px4_command/AuxiliaryState_singleUAV.msg[0m
[  4%] [34m[1mGenerating Python from MSG px4_command/ControlCommand[0m
[  4%] [34m[1mGenerating C++ code from px4_command/AuxiliaryState_singleUAV.msg[0m
[  4%] [34m[1mGenerating Python from MSG px4_command/Trajectory[0m
[  5%] [34m[1mGenerating Javascript code from px4_command/AuxiliaryState.msg[0m
[  5%] [34m[1mGenerating Lisp code from px4_command/AuxiliaryState_singleUAV.msg[0m
[  7%] [34m[1mGenerating Javascript code from px4_command/ControlCommand.msg[0m
[  7%] [34m[1mGenerating EusLisp code from px4_command/TrajectoryPoint.msg[0m
[  9%] [34m[1mGenerating C++ code from px4_command/ControlCommand.msg[0m
[  9%] [34m[1mGenerating EusLisp code from px4_command/AuxiliaryState.msg[0m
[ 11%] [34m[1mGenerating Python from MSG px4_command/AuxiliaryState_singleUAV[0m
[ 11%] [34m[1mGenerating C++ code from px4_command/TrajectoryPoint.msg[0m
[ 13%] [34m[1mGenerating Javascript code from px4_command/AuxiliaryState_singleUAV.msg[0m
[ 13%] [34m[1mGenerating Python from MSG px4_command/TrajectoryPoint[0m
[ 14%] [34m[1mGenerating EusLisp code from px4_command/ControlCommand.msg[0m
[ 15%] [34m[1mGenerating Lisp code from px4_command/ControlCommand.msg[0m
[ 15%] [34m[1mGenerating C++ code from px4_command/Trajectory.msg[0m
[ 17%] [34m[1mGenerating Javascript code from px4_command/Trajectory.msg[0m
[ 18%] [34m[1mGenerating Lisp code from px4_command/TrajectoryPoint.msg[0m
[ 18%] [34m[1mGenerating Javascript code from px4_command/TrajectoryPoint.msg[0m
[ 19%] [34m[1mGenerating Lisp code from px4_command/Trajectory.msg[0m
[ 20%] [34m[1mGenerating Lisp code from px4_command/AttitudeReference.msg[0m
[ 21%] [34m[1mGenerating C++ code from px4_command/AttitudeReference.msg[0m
[ 22%] [34m[1mGenerating Javascript code from px4_command/AttitudeReference.msg[0m
[ 22%] [34m[1mGenerating Lisp code from px4_command/DroneState.msg[0m
[ 23%] [34m[1mGenerating C++ code from px4_command/Topic_for_log.msg[0m
[ 24%] [34m[1mGenerating C++ code from px4_command/DroneState.msg[0m
[ 25%] [34m[1mGenerating Javascript code from px4_command/DroneState.msg[0m
[ 26%] [34m[1mGenerating Lisp code from px4_command/Topic_for_log.msg[0m
[ 27%] [34m[1mGenerating EusLisp code from px4_command/Trajectory.msg[0m
[ 27%] [34m[1mGenerating Javascript code from px4_command/Topic_for_log.msg[0m
[ 29%] [34m[1mGenerating Python from MSG px4_command/AttitudeReference[0m
[ 29%] [34m[1mGenerating Javascript code from px4_command/ControlOutput.msg[0m
[ 30%] [34m[1mGenerating C++ code from px4_command/ControlOutput.msg[0m
[ 31%] [34m[1mGenerating EusLisp code from px4_command/AttitudeReference.msg[0m
[ 32%] [34m[1mGenerating Lisp code from px4_command/ControlOutput.msg[0m
[ 32%] [34m[1mGenerating C++ code from px4_command/Mocap.msg[0m
[ 34%] [34m[1mGenerating Lisp code from px4_command/Mocap.msg[0m
[ 34%] [34m[1mGenerating Lisp code from px4_command/AddonForce.msg[0m
[ 35%] [34m[1mGenerating Python from MSG px4_command/DroneState[0m
[ 36%] [34m[1mGenerating Python from MSG px4_command/Topic_for_log[0m
[ 36%] [34m[1mGenerating EusLisp code from px4_command/DroneState.msg[0m
[ 37%] [34m[1mGenerating Javascript code from px4_command/Mocap.msg[0m
[ 38%] [34m[1mGenerating Javascript code from px4_command/AddonForce.msg[0m
[ 38%] [34m[1mGenerating Python from MSG px4_command/ControlOutput[0m
[ 38%] [34m[1mGenerating Javascript code from px4_command/FleetStatus.msg[0m
[ 39%] [34m[1mGenerating Javascript code from px4_command/PayloadPoseCommand.msg[0m
[ 40%] [34m[1mGenerating Lisp code from px4_command/FleetStatus.msg[0m
[ 41%] [34m[1mGenerating Javascript code from px4_command/HomePosition.msg[0m
[ 42%] [34m[1mGenerating C++ code from px4_command/AddonForce.msg[0m
[ 43%] [34m[1mGenerating Python from MSG px4_command/Mocap[0m
[ 45%] [34m[1mGenerating C++ code from px4_command/FleetStatus.msg[0m
[ 45%] [34m[1mGenerating C++ code from px4_command/PayloadPoseCommand.msg[0m
[ 46%] [34m[1mGenerating Javascript code from px4_command/ControlParameter.srv[0m
[ 47%] [34m[1mGenerating Python from MSG px4_command/AddonForce[0m
[ 47%] [34m[1mGenerating Javascript code from px4_command/Emergency.srv[0m
[ 48%] [34m[1mGenerating Lisp code from px4_command/PayloadPoseCommand.msg[0m
[ 50%] [34m[1mGenerating Javascript code from px4_command/GeneralInfo.srv[0m
[ 51%] [34m[1mGenerating EusLisp code from px4_command/Topic_for_log.msg[0m
[ 52%] [34m[1mGenerating Javascript code from px4_command/SinglePayloadAction.srv[0m
[ 53%] [34m[1mGenerating Javascript code from px4_command/MultiPayloadAction.srv[0m
[ 53%] [34m[1mGenerating C++ code from px4_command/HomePosition.msg[0m
[ 54%] [34m[1mGenerating Lisp code from px4_command/HomePosition.msg[0m
[ 55%] [34m[1mGenerating EusLisp code from px4_command/ControlOutput.msg[0m
[ 56%] [34m[1mGenerating Python from MSG px4_command/FleetStatus[0m
[ 56%] [34m[1mGenerating Python from MSG px4_command/PayloadPoseCommand[0m
[ 57%] [34m[1mGenerating Python from MSG px4_command/HomePosition[0m
[ 58%] [34m[1mGenerating Python code from SRV px4_command/ControlParameter[0m
[ 58%] [34m[1mGenerating Lisp code from px4_command/ControlParameter.srv[0m
[ 58%] [34m[1mGenerating Javascript code from px4_command/SetHome.srv[0m
[ 59%] [34m[1mGenerating C++ code from px4_command/ControlParameter.srv[0m
[ 60%] [34m[1mGenerating Python code from SRV px4_command/Emergency[0m
[ 61%] [34m[1mGenerating Lisp code from px4_command/Emergency.srv[0m
[ 62%] [34m[1mGenerating C++ code from px4_command/Emergency.srv[0m
[ 63%] [34m[1mGenerating Lisp code from px4_command/GeneralInfo.srv[0m
[ 64%] [34m[1mGenerating EusLisp code from px4_command/Mocap.msg[0m
[ 65%] [34m[1mGenerating C++ code from px4_command/GeneralInfo.srv[0m
[ 65%] [34m[1mGenerating Python code from SRV px4_command/GeneralInfo[0m
[ 65%] [34m[1mGenerating C++ code from px4_command/SinglePayloadAction.srv[0m
[ 65%] [34m[1mGenerating EusLisp code from px4_command/AddonForce.msg[0m
[ 67%] [34m[1mGenerating Python code from SRV px4_command/SinglePayloadAction[0m
[ 68%] [34m[1mGenerating Lisp code from px4_command/SinglePayloadAction.srv[0m
[ 69%] [34m[1mGenerating Python code from SRV px4_command/MultiPayloadAction[0m
[ 69%] [34m[1mGenerating Lisp code from px4_command/MultiPayloadAction.srv[0m
[ 70%] [34m[1mGenerating EusLisp code from px4_command/FleetStatus.msg[0m
[ 70%] Built target px4_command_generate_messages_nodejs
[ 71%] [34m[1mGenerating Lisp code from px4_command/SetHome.srv[0m
[ 72%] [34m[1mGenerating EusLisp code from px4_command/PayloadPoseCommand.msg[0m
[ 73%] [34m[1mGenerating C++ code from px4_command/MultiPayloadAction.srv[0m
[ 74%] [34m[1mGenerating Python code from SRV px4_command/SetHome[0m
[ 75%] [34m[1mGenerating EusLisp code from px4_command/HomePosition.msg[0m
[ 76%] [34m[1mGenerating EusLisp code from px4_command/ControlParameter.srv[0m
[ 77%] [34m[1mGenerating EusLisp code from px4_command/Emergency.srv[0m
[ 76%] [34m[1mGenerating C++ code from px4_command/SetHome.srv[0m
[ 78%] [34m[1mGenerating EusLisp code from px4_command/GeneralInfo.srv[0m
[ 78%] Built target px4_command_generate_messages_lisp
[ 78%] [34m[1mGenerating EusLisp code from px4_command/MultiPayloadAction.srv[0m
[ 79%] [34m[1mGenerating EusLisp manifest code for px4_command[0m
[ 80%] [34m[1mGenerating EusLisp code from px4_command/SetHome.srv[0m
[ 81%] [34m[1mGenerating EusLisp code from px4_command/SinglePayloadAction.srv[0m
[ 82%] [34m[1mGenerating Python msg __init__.py for px4_command[0m
[ 82%] [34m[1mGenerating Python srv __init__.py for px4_command[0m
[ 82%] Built target px4_command_generate_messages_cpp
[35m[1mScanning dependencies of target px4_command_gencpp[0m
[ 82%] Built target px4_command_gencpp
[35m[1mScanning dependencies of target outdoorwifitest[0m
[35m[1mScanning dependencies of target set_uav0_mode[0m
[35m[1mScanning dependencies of target set_uav1_mode[0m
[35m[1mScanning dependencies of target outdoorwifitest_ground[0m
[35m[1mScanning dependencies of target px4_interdrone_communication[0m
[35m[1mScanning dependencies of target px4_multidrone_pos_controller[0m
[35m[1mScanning dependencies of target px4_multidrone_pos_estimator_outdoor[0m
[35m[1mScanning dependencies of target px4_multidrone_pos_estimator[0m
[35m[1mScanning dependencies of target px4_multidrone_pos_estimator_pure_vision[0m
[35m[1mScanning dependencies of target set_uav2_mode[0m
[ 84%] [32mBuilding CXX object CMakeFiles/set_uav0_mode.dir/src/Utilities/set_uav0_mode.cpp.o[0m
[ 85%] [32mBuilding CXX object CMakeFiles/set_uav1_mode.dir/src/Utilities/set_uav1_mode.cpp.o[0m
[ 86%] [32mBuilding CXX object CMakeFiles/set_uav2_mode.dir/src/Utilities/set_uav2_mode.cpp.o[0m
[ 86%] Built target px4_command_generate_messages_py
[ 86%] [32mBuilding CXX object CMakeFiles/outdoorwifitest.dir/src/Utilities/outdoorwifitest.cpp.o[0m
[ 87%] [32mBuilding CXX object CMakeFiles/px4_multidrone_pos_estimator_pure_vision.dir/src/px4_multidrone_pos_estimator_pure_vision.cpp.o[0m
[ 88%] [32mBuilding CXX object CMakeFiles/px4_interdrone_communication.dir/src/px4_interdrone_communication.cpp.o[0m
[ 89%] [32mBuilding CXX object CMakeFiles/px4_multidrone_pos_estimator.dir/src/px4_multidrone_pos_estimator.cpp.o[0m
[ 90%] [32mBuilding CXX object CMakeFiles/outdoorwifitest_ground.dir/src/Utilities/outdoorwifitest_ground.cpp.o[0m
[ 91%] [32mBuilding CXX object CMakeFiles/px4_multidrone_pos_estimator_outdoor.dir/src/px4_multidrone_pos_estimator_outdoor.cpp.o[0m
[ 92%] [32mBuilding CXX object CMakeFiles/px4_multidrone_pos_controller.dir/src/px4_multidrone_pos_controller.cpp.o[0m
[ 92%] Built target px4_command_generate_messages_eus
[35m[1mScanning dependencies of target px4_command_generate_messages[0m
[ 92%] Built target px4_command_generate_messages
[ 93%] [32m[1mLinking CXX executable /home/pravin/px4_ws/devel/.private/px4_command/lib/px4_command/set_uav2_mode[0m
[ 93%] Built target set_uav2_mode
[ 93%] [32m[1mLinking CXX executable /home/pravin/px4_ws/devel/.private/px4_command/lib/px4_command/set_uav0_mode[0m
[ 94%] [32m[1mLinking CXX executable /home/pravin/px4_ws/devel/.private/px4_command/lib/px4_command/set_uav1_mode[0m
In file included from [01m[K/home/pravin/px4_ws/src/px4_command/src/px4_multidrone_pos_estimator_pure_vision.cpp:18[m[K:
[01m[K/home/pravin/px4_ws/src/px4_command/include/math_utils.h:[m[K In function ‘[01m[Kfloat sign_function(float)[m[K’:
[01m[K/home/pravin/px4_ws/src/px4_command/include/math_utils.h:179:1:[m[K [01;35m[Kwarning: [m[Kcontrol reaches end of non-void function [[01;35m[K-Wreturn-type[m[K]
  179 | [01;35m[K}[m[K
      | [01;35m[K^[m[K
In file included from [01m[K/home/pravin/px4_ws/src/px4_command/include/px4_command_utils.h:13[m[K,
                 from [01m[K/home/pravin/px4_ws/src/px4_command/src/Utilities/outdoorwifitest.cpp:17[m[K:
[01m[K/home/pravin/px4_ws/src/px4_command/include/math_utils.h:[m[K In function ‘[01m[Kfloat sign_function(float)[m[K’:
[01m[K/home/pravin/px4_ws/src/px4_command/include/math_utils.h:179:1:[m[K [01;35m[Kwarning: [m[Kcontrol reaches end of non-void function [[01;35m[K-Wreturn-type[m[K]
  179 | [01;35m[K}[m[K
      | [01;35m[K^[m[K
In file included from [01m[K/home/pravin/px4_ws/src/px4_command/include/px4_command_utils.h:13[m[K,
                 from [01m[K/home/pravin/px4_ws/src/px4_command/src/Utilities/outdoorwifitest_ground.cpp:20[m[K:
[01m[K/home/pravin/px4_ws/src/px4_command/include/math_utils.h:[m[K In function ‘[01m[Kfloat sign_function(float)[m[K’:
[01m[K/home/pravin/px4_ws/src/px4_command/include/math_utils.h:179:1:[m[K [01;35m[Kwarning: [m[Kcontrol reaches end of non-void function [[01;35m[K-Wreturn-type[m[K]
  179 | [01;35m[K}[m[K
      | [01;35m[K^[m[K
In file included from [01m[K/home/pravin/px4_ws/src/px4_command/include/state_from_mavros_multidrone.h:16[m[K,
                 from [01m[K/home/pravin/px4_ws/src/px4_command/src/px4_multidrone_pos_estimator.cpp:21[m[K:
[01m[K/home/pravin/px4_ws/src/px4_command/include/math_utils.h:[m[K In function ‘[01m[Kfloat sign_function(float)[m[K’:
[01m[K/home/pravin/px4_ws/src/px4_command/include/math_utils.h:179:1:[m[K [01;35m[Kwarning: [m[Kcontrol reaches end of non-void function [[01;35m[K-Wreturn-type[m[K]
  179 | [01;35m[K}[m[K
      | [01;35m[K^[m[K
[ 94%] Built target set_uav0_mode
[ 94%] Built target set_uav1_mode
[ 95%] [32m[1mLinking CXX executable /home/pravin/px4_ws/devel/.private/px4_command/lib/px4_command/outdoorwifitest[0m
[ 95%] Built target outdoorwifitest
[ 96%] [32m[1mLinking CXX executable /home/pravin/px4_ws/devel/.private/px4_command/lib/px4_command/outdoorwifitest_ground[0m
[ 96%] Built target outdoorwifitest_ground
[ 97%] [32m[1mLinking CXX executable /home/pravin/px4_ws/devel/.private/px4_command/lib/px4_command/px4_multidrone_pos_estimator_pure_vision[0m
In file included from [01m[K/home/pravin/px4_ws/src/px4_command/include/state_from_mavros_multidrone.h:16[m[K,
                 from [01m[K/home/pravin/px4_ws/src/px4_command/src/px4_multidrone_pos_estimator_outdoor.cpp:19[m[K:
[01m[K/home/pravin/px4_ws/src/px4_command/include/math_utils.h:[m[K In function ‘[01m[Kfloat sign_function(float)[m[K’:
[01m[K/home/pravin/px4_ws/src/px4_command/include/math_utils.h:179:1:[m[K [01;35m[Kwarning: [m[Kcontrol reaches end of non-void function [[01;35m[K-Wreturn-type[m[K]
  179 | [01;35m[K}[m[K
      | [01;35m[K^[m[K
[ 97%] Built target px4_multidrone_pos_estimator_pure_vision
[ 98%] [32m[1mLinking CXX executable /home/pravin/px4_ws/devel/.private/px4_command/lib/px4_command/px4_multidrone_pos_estimator[0m
[ 98%] Built target px4_multidrone_pos_estimator
In file included from [01m[K/home/pravin/px4_ws/src/px4_command/src/px4_interdrone_communication.cpp:19[m[K:
[01m[K/home/pravin/px4_ws/src/px4_command/include/math_utils.h:[m[K In function ‘[01m[Kfloat sign_function(float)[m[K’:
[01m[K/home/pravin/px4_ws/src/px4_command/include/math_utils.h:179:1:[m[K [01;35m[Kwarning: [m[Kcontrol reaches end of non-void function [[01;35m[K-Wreturn-type[m[K]
  179 | [01;35m[K}[m[K
      | [01;35m[K^[m[K
In file included from [01m[K/home/pravin/px4_ws/src/px4_command/include/state_from_mavros_multidrone.h:16[m[K,
                 from [01m[K/home/pravin/px4_ws/src/px4_command/src/px4_multidrone_pos_controller.cpp:20[m[K:
[01m[K/home/pravin/px4_ws/src/px4_command/include/math_utils.h:[m[K In function ‘[01m[Kfloat sign_function(float)[m[K’:
[01m[K/home/pravin/px4_ws/src/px4_command/include/math_utils.h:179:1:[m[K [01;35m[Kwarning: [m[Kcontrol reaches end of non-void function [[01;35m[K-Wreturn-type[m[K]
  179 | [01;35m[K}[m[K
      | [01;35m[K^[m[K
[ 98%] [32m[1mLinking CXX executable /home/pravin/px4_ws/devel/.private/px4_command/lib/px4_command/px4_multidrone_pos_estimator_outdoor[0m
[ 98%] Built target px4_multidrone_pos_estimator_outdoor
[100%] [32m[1mLinking CXX executable /home/pravin/px4_ws/devel/.private/px4_command/lib/px4_command/px4_interdrone_communication[0m
[100%] Built target px4_interdrone_communication
[100%] [32m[1mLinking CXX executable /home/pravin/px4_ws/devel/.private/px4_command/lib/px4_command/px4_multidrone_pos_controller[0m
[100%] Built target px4_multidrone_pos_controller
